<?xml version="1.0" encoding="utf-8"?><testsuites name="pytest tests"><testsuite name="pytest" errors="0" failures="0" skipped="0" tests="24" time="3.595" timestamp="2026-04-24T22:52:50.260375+00:00" hostname="agent-env-3099ffe2-26eb-470e-a1b4-fe43db1133a4"><testcase classname="backend.tests.test_refactor_regression.TestHealth" name="test_health" time="0.245" /><testcase classname="backend.tests.test_refactor_regression.TestAuth" name="test_login_success" time="0.280" /><testcase classname="backend.tests.test_refactor_regression.TestAuth" name="test_me_enterprise" time="0.324" /><testcase classname="backend.tests.test_refactor_regression.TestAuth" name="test_register_duplicate" time="0.052" /><testcase classname="backend.tests.test_refactor_regression.TestSubscriptions" name="test_tiers" time="0.061" /><testcase classname="backend.tests.test_refactor_regression" name="test_crud_list_returns_array[/api/notes]" time="0.050" /><testcase classname="backend.tests.test_refactor_regression" name="test_crud_list_returns_array[/api/timesheets]" time="0.052" /><testcase classname="backend.tests.test_refactor_regression" name="test_crud_list_returns_array[/api/materials]" time="0.051" /><testcase classname="backend.tests.test_refactor_regression" name="test_crud_list_returns_array[/api/bids]" time="0.051" /><testcase classname="backend.tests.test_refactor_regression" name="test_crud_list_returns_array[/api/calendar]" time="0.056" /><testcase classname="backend.tests.test_refactor_regression.TestReference" name="test_safety_talk_today" time="0.057" /><testcase classname="backend.tests.test_refactor_regression.TestReference" name="test_formulas_list" time="0.049" /><testcase classname="backend.tests.test_refactor_regression.TestReference" name="test_formula_calculate_offset_45" time="0.049" /><testcase classname="backend.tests.test_refactor_regression.TestReference" name="test_osha" time="0.047" /><testcase classname="backend.tests.test_refactor_regression.TestReference" name="test_sds" time="0.050" /><testcase classname="backend.tests.test_refactor_regression.TestReference" name="test_total_station" time="0.050" /><testcase classname="backend.tests.test_refactor_regression.TestServices" name="test_weather_ny" time="1.172" /><testcase classname="backend.tests.test_refactor_regression.TestServices" name="test_suppliers_all" time="0.048" /><testcase classname="backend.tests.test_refactor_regression.TestServices" name="test_suppliers_search_pex" time="0.046" /><testcase classname="backend.tests.test_refactor_regression.TestServices" name="test_push_vapid" time="0.047" /><testcase classname="backend.tests.test_refactor_regression.TestServices" name="test_voice_notes_requires_auth" time="0.050" /><testcase classname="backend.tests.test_refactor_regression.TestServices" name="test_support_ticket" time="0.533" /><testcase classname="backend.tests.test_refactor_regression.TestPlumbingCode" name="test_types" time="0.046" /><testcase classname="backend.tests.test_refactor_regression.TestPlumbingCode" name="test_upc_2024" time="0.048" /></testsuite></testsuites>