<?xml version="1.0" encoding="utf-8"?><testsuites name="pytest tests"><testsuite name="pytest" errors="0" failures="0" skipped="0" tests="22" time="12.765" timestamp="2026-04-11T01:37:25.994539+00:00" hostname="agent-env-3099ffe2-26eb-470e-a1b4-fe43db1133a4"><testcase classname="backend.tests.test_push_and_teams.TestPushNotifications" name="test_get_vapid_key" time="0.225" /><testcase classname="backend.tests.test_push_and_teams.TestPushNotifications" name="test_push_subscribe_requires_auth" time="0.135" /><testcase classname="backend.tests.test_push_and_teams.TestPushNotifications" name="test_push_subscribe_with_auth" time="0.678" /><testcase classname="backend.tests.test_push_and_teams.TestPushNotifications" name="test_push_subscribe_missing_subscription" time="0.121" /><testcase classname="backend.tests.test_push_and_teams.TestPushNotifications" name="test_push_unsubscribe" time="0.118" /><testcase classname="backend.tests.test_push_and_teams.TestPushNotifications" name="test_push_send" time="0.252" /><testcase classname="backend.tests.test_push_and_teams.TestTeamManagement" name="test_get_team_no_team" time="0.345" /><testcase classname="backend.tests.test_push_and_teams.TestTeamManagement" name="test_create_team" time="0.373" /><testcase classname="backend.tests.test_push_and_teams.TestTeamManagement" name="test_create_team_missing_name" time="0.326" /><testcase classname="backend.tests.test_push_and_teams.TestTeamManagement" name="test_create_team_duplicate" time="0.444" /><testcase classname="backend.tests.test_push_and_teams.TestTeamManagement" name="test_get_team_after_create" time="0.493" /><testcase classname="backend.tests.test_push_and_teams.TestTeamManagement" name="test_invite_member" time="1.108" /><testcase classname="backend.tests.test_push_and_teams.TestTeamManagement" name="test_invite_member_duplicate" time="1.100" /><testcase classname="backend.tests.test_push_and_teams.TestTeamManagement" name="test_invite_member_no_team" time="0.714" /><testcase classname="backend.tests.test_push_and_teams.TestTeamManagement" name="test_remove_member" time="1.124" /><testcase classname="backend.tests.test_push_and_teams.TestTeamManagement" name="test_get_team_timesheets" time="0.650" /><testcase classname="backend.tests.test_push_and_teams.TestTeamManagement" name="test_get_team_timesheets_no_team" time="0.338" /><testcase classname="backend.tests.test_push_and_teams.TestTeamManagement" name="test_delete_team" time="1.899" /><testcase classname="backend.tests.test_push_and_teams.TestTeamManagement" name="test_delete_team_not_found" time="0.475" /><testcase classname="backend.tests.test_push_and_teams.TestAuthRegression" name="test_login_owner" time="1.307" /><testcase classname="backend.tests.test_push_and_teams.TestAuthRegression" name="test_login_test_user" time="0.337" /><testcase classname="backend.tests.test_push_and_teams.TestAuthRegression" name="test_auth_me" time="0.106" /></testsuite></testsuites>