<?xml version="1.0" encoding="utf-8"?><testsuites name="pytest tests"><testsuite name="pytest" errors="0" failures="0" skipped="0" tests="17" time="6.857" timestamp="2026-04-23T03:11:39.015882+00:00" hostname="agent-env-3099ffe2-26eb-470e-a1b4-fe43db1133a4"><testcase classname="backend.tests.test_voice_weather_suppliers.TestSuppliers" name="test_get_all_suppliers_returns_12" time="0.261" /><testcase classname="backend.tests.test_voice_weather_suppliers.TestSuppliers" name="test_supplier_search_pex" time="0.116" /><testcase classname="backend.tests.test_voice_weather_suppliers.TestSuppliers" name="test_supplier_search_by_name" time="1.167" /><testcase classname="backend.tests.test_voice_weather_suppliers.TestSuppliers" name="test_supplier_filter_by_type_wholesale" time="0.153" /><testcase classname="backend.tests.test_voice_weather_suppliers.TestSuppliers" name="test_supplier_filter_by_type_online" time="0.165" /><testcase classname="backend.tests.test_voice_weather_suppliers.TestSuppliers" name="test_suppliers_no_auth_required" time="0.112" /><testcase classname="backend.tests.test_voice_weather_suppliers.TestWeather" name="test_weather_by_location_name" time="1.267" /><testcase classname="backend.tests.test_voice_weather_suppliers.TestWeather" name="test_weather_by_lat_lon" time="0.616" /><testcase classname="backend.tests.test_voice_weather_suppliers.TestWeather" name="test_weather_invalid_location" time="0.667" /><testcase classname="backend.tests.test_voice_weather_suppliers.TestWeather" name="test_weather_missing_params" time="0.109" /><testcase classname="backend.tests.test_voice_weather_suppliers.TestWeather" name="test_weather_no_auth_required" time="1.103" /><testcase classname="backend.tests.test_voice_weather_suppliers.TestVoiceNotes" name="test_voice_notes_requires_auth" time="0.132" /><testcase classname="backend.tests.test_voice_weather_suppliers.TestVoiceNotes" name="test_voice_notes_list_authenticated" time="0.453" /><testcase classname="backend.tests.test_voice_weather_suppliers.TestVoiceNotes" name="test_voice_note_audio_no_token" time="0.106" /><testcase classname="backend.tests.test_voice_weather_suppliers.TestVoiceNotes" name="test_voice_note_audio_invalid_token" time="0.108" /><testcase classname="backend.tests.test_voice_weather_suppliers.TestVoiceNotes" name="test_voice_note_create_without_audio" time="0.107" /><testcase classname="backend.tests.test_voice_weather_suppliers.TestVoiceNotes" name="test_voice_note_delete_nonexistent" time="0.141" /></testsuite></testsuites>