<?xml version="1.0" encoding="utf-8"?><testsuites name="pytest tests"><testsuite name="pytest" errors="0" failures="0" skipped="0" tests="17" time="2.545" timestamp="2026-04-09T23:19:40.447199+00:00" hostname="agent-env-3099ffe2-26eb-470e-a1b4-fe43db1133a4"><testcase classname="backend.tests.test_plumbing_code_api.TestPlumbingCodeTypes" name="test_get_code_types_returns_both_upc_and_ipc" time="0.316" /><testcase classname="backend.tests.test_plumbing_code_api.TestPlumbingCodeTypes" name="test_code_types_have_four_editions" time="0.145" /><testcase classname="backend.tests.test_plumbing_code_api.TestPlumbingCodeUPC" name="test_upc_2024_returns_13_chapters" time="0.182" /><testcase classname="backend.tests.test_plumbing_code_api.TestPlumbingCodeUPC" name="test_upc_2015_returns_12_chapters" time="0.112" /><testcase classname="backend.tests.test_plumbing_code_api.TestPlumbingCodeUPC" name="test_upc_chapter_2_definitions_structure" time="0.125" /><testcase classname="backend.tests.test_plumbing_code_api.TestPlumbingCodeIPC" name="test_ipc_2024_returns_10_chapters" time="0.132" /><testcase classname="backend.tests.test_plumbing_code_api.TestPlumbingCodeIPC" name="test_ipc_2021_returns_10_chapters" time="0.120" /><testcase classname="backend.tests.test_plumbing_code_api.TestPlumbingCodeIPC" name="test_ipc_chapter_2_definitions_different_from_upc" time="0.276" /><testcase classname="backend.tests.test_plumbing_code_api.TestPlumbingCodeSearch" name="test_search_trap_returns_filtered_results" time="0.110" /><testcase classname="backend.tests.test_plumbing_code_api.TestPlumbingCodeSearch" name="test_search_slope_returns_drainage_chapters" time="0.102" /><testcase classname="backend.tests.test_plumbing_code_api.TestPlumbingCodeSearch" name="test_search_nonexistent_term_returns_empty" time="0.111" /><testcase classname="backend.tests.test_plumbing_code_api.TestPlumbingCodeChapterEndpoint" name="test_get_specific_chapter_by_id" time="0.113" /><testcase classname="backend.tests.test_plumbing_code_api.TestPlumbingCodeChapterEndpoint" name="test_get_nonexistent_chapter_returns_404" time="0.145" /><testcase classname="backend.tests.test_plumbing_code_api.TestPlumbingCodeEditionDifferences" name="test_upc_2024_has_4_dfu_water_closet" time="0.105" /><testcase classname="backend.tests.test_plumbing_code_api.TestPlumbingCodeEditionDifferences" name="test_upc_2015_has_3_dfu_water_closet" time="0.116" /><testcase classname="backend.tests.test_plumbing_code_api.TestHealthAndBasicEndpoints" name="test_api_health" time="0.100" /><testcase classname="backend.tests.test_plumbing_code_api.TestHealthAndBasicEndpoints" name="test_api_root" time="0.112" /></testsuite></testsuites>