<?xml version="1.0" encoding="utf-8"?><testsuites name="pytest tests"><testsuite name="pytest" errors="0" failures="0" skipped="0" tests="12" time="3.952" timestamp="2026-03-30T21:57:42.027004+00:00" hostname="agent-env-3099ffe2-26eb-470e-a1b4-fe43db1133a4"><testcase classname="backend.tests.test_landing_promo.TestPromoEndpoint" name="test_promo_status_returns_200" time="0.206" /><testcase classname="backend.tests.test_landing_promo.TestPromoEndpoint" name="test_promo_status_has_required_fields" time="0.146" /><testcase classname="backend.tests.test_landing_promo.TestPromoEndpoint" name="test_promo_spots_remaining_calculation" time="0.120" /><testcase classname="backend.tests.test_landing_promo.TestPromoEndpoint" name="test_promo_active_when_spots_available" time="0.105" /><testcase classname="backend.tests.test_landing_promo.TestRegistrationEarlyBird" name="test_register_new_user_gets_early_bird_flag" time="0.616" /><testcase classname="backend.tests.test_landing_promo.TestTrialDuration" name="test_trial_status_endpoint" time="0.430" /><testcase classname="backend.tests.test_landing_promo.TestTrialDuration" name="test_start_trial_for_new_early_bird_user" time="0.453" /><testcase classname="backend.tests.test_landing_promo.TestSubscriptionPrices" name="test_subscription_tiers_prices" time="0.132" /><testcase classname="backend.tests.test_landing_promo.TestPlumbingCodeRegression" name="test_plumbing_code_endpoint" time="0.448" /><testcase classname="backend.tests.test_landing_promo.TestPlumbingCodeRegression" name="test_plumbing_code_chapter_structure" time="0.456" /><testcase classname="backend.tests.test_landing_promo.TestAuthFlow" name="test_login_existing_user" time="0.328" /><testcase classname="backend.tests.test_landing_promo.TestAuthFlow" name="test_auth_me_endpoint" time="0.444" /></testsuite></testsuites>