<?xml version="1.0" encoding="utf-8"?><testsuites name="pytest tests"><testsuite name="pytest" errors="0" failures="0" skipped="0" tests="10" time="3.312" timestamp="2026-03-28T16:58:37.600918+00:00" hostname="agent-env-3099ffe2-26eb-470e-a1b4-fe43db1133a4"><testcase classname="backend.tests.test_google_play_billing.TestAuth" name="test_login_success" time="0.437" /><testcase classname="backend.tests.test_google_play_billing.TestSubscriptionTiers" name="test_get_subscription_tiers" time="0.111" /><testcase classname="backend.tests.test_google_play_billing.TestGooglePlayBilling" name="test_get_google_play_products" time="0.140" /><testcase classname="backend.tests.test_google_play_billing.TestGooglePlayBilling" name="test_verify_google_play_purchase" time="0.463" /><testcase classname="backend.tests.test_google_play_billing.TestGooglePlayBilling" name="test_verify_invalid_product_id" time="0.469" /><testcase classname="backend.tests.test_google_play_billing.TestPlumbingCodeRegression" name="test_get_plumbing_code_chapters" time="0.123" /><testcase classname="backend.tests.test_google_play_billing.TestDashboardAPIs" name="test_get_user_profile" time="0.449" /><testcase classname="backend.tests.test_google_play_billing.TestDashboardAPIs" name="test_get_notes" time="0.483" /><testcase classname="backend.tests.test_google_play_billing.TestDashboardAPIs" name="test_get_timesheets" time="0.424" /><testcase classname="backend.tests.test_google_play_billing.TestDashboardAPIs" name="test_get_formulas" time="0.105" /></testsuite></testsuites>