<?xml version="1.0" encoding="utf-8"?><testsuites name="pytest tests"><testsuite name="pytest" errors="0" failures="0" skipped="0" tests="17" time="4.838" timestamp="2026-03-28T15:31:31.439710+00:00" hostname="agent-env-3099ffe2-26eb-470e-a1b4-fe43db1133a4"><testcase classname="backend.tests.test_plumbing_code_and_trial.TestPlumbingCodeAPI" name="test_get_all_chapters" time="0.163" /><testcase classname="backend.tests.test_plumbing_code_and_trial.TestPlumbingCodeAPI" name="test_chapter_ids_present" time="0.119" /><testcase classname="backend.tests.test_plumbing_code_and_trial.TestPlumbingCodeAPI" name="test_search_trap" time="0.107" /><testcase classname="backend.tests.test_plumbing_code_and_trial.TestPlumbingCodeAPI" name="test_search_vent" time="0.100" /><testcase classname="backend.tests.test_plumbing_code_and_trial.TestPlumbingCodeAPI" name="test_search_slope" time="0.129" /><testcase classname="backend.tests.test_plumbing_code_and_trial.TestPlumbingCodeAPI" name="test_search_no_results" time="0.100" /><testcase classname="backend.tests.test_plumbing_code_and_trial.TestAuthFlow" name="test_login_success" time="0.383" /><testcase classname="backend.tests.test_plumbing_code_and_trial.TestAuthFlow" name="test_login_invalid_credentials" time="0.125" /><testcase classname="backend.tests.test_plumbing_code_and_trial.TestAuthFlow" name="test_get_me_with_token" time="0.489" /><testcase classname="backend.tests.test_plumbing_code_and_trial.TestTrialStatus" name="test_get_trial_status" time="0.465" /><testcase classname="backend.tests.test_plumbing_code_and_trial.TestTrialStatus" name="test_trial_status_requires_auth" time="0.124" /><testcase classname="backend.tests.test_plumbing_code_and_trial.TestSubscriptionTiers" name="test_get_subscription_tiers" time="0.107" /><testcase classname="backend.tests.test_plumbing_code_and_trial.TestDashboardAPIs" name="test_get_notes" time="0.460" /><testcase classname="backend.tests.test_plumbing_code_and_trial.TestDashboardAPIs" name="test_get_timesheets" time="0.452" /><testcase classname="backend.tests.test_plumbing_code_and_trial.TestDashboardAPIs" name="test_get_bids" time="0.453" /><testcase classname="backend.tests.test_plumbing_code_and_trial.TestDashboardAPIs" name="test_get_materials" time="0.424" /><testcase classname="backend.tests.test_plumbing_code_and_trial.TestDashboardAPIs" name="test_get_safety_talk_today" time="0.461" /></testsuite></testsuites>