<?xml version="1.0" encoding="utf-8"?><testsuites name="pytest tests"><testsuite name="pytest" errors="0" failures="0" skipped="0" tests="13" time="3.585" timestamp="2026-04-09T23:27:47.091897+00:00" hostname="agent-env-3099ffe2-26eb-470e-a1b4-fe43db1133a4"><testcase classname="tests.test_bookmarks_api.TestBookmarksCRUD" name="test_get_bookmarks_requires_auth" time="0.227" /><testcase classname="tests.test_bookmarks_api.TestBookmarksCRUD" name="test_post_bookmark_requires_auth" time="0.108" /><testcase classname="tests.test_bookmarks_api.TestBookmarksCRUD" name="test_get_bookmarks_authenticated" time="0.510" /><testcase classname="tests.test_bookmarks_api.TestBookmarksCRUD" name="test_create_bookmark_success" time="0.278" /><testcase classname="tests.test_bookmarks_api.TestBookmarksCRUD" name="test_create_bookmark_missing_section_code" time="0.292" /><testcase classname="tests.test_bookmarks_api.TestBookmarksCRUD" name="test_create_duplicate_bookmark_returns_409" time="0.355" /><testcase classname="tests.test_bookmarks_api.TestBookmarksCRUD" name="test_delete_bookmark_success" time="0.344" /><testcase classname="tests.test_bookmarks_api.TestBookmarksCRUD" name="test_delete_nonexistent_bookmark_returns_404" time="0.119" /><testcase classname="tests.test_bookmarks_api.TestBookmarksCRUD" name="test_bookmark_persists_in_get" time="0.367" /><testcase classname="tests.test_bookmarks_api.TestBookmarkDataIntegrity" name="test_bookmark_has_required_fields" time="0.241" /><testcase classname="tests.test_bookmarks_api.TestBookmarkDataIntegrity" name="test_bookmark_stores_optional_fields" time="0.241" /><testcase classname="tests.test_bookmarks_api.TestAuthRegression" name="test_login_works" time="0.326" /><testcase classname="tests.test_bookmarks_api.TestAuthRegression" name="test_invalid_login_returns_401" time="0.111" /></testsuite></testsuites>